<?xml version="1.0" encoding="UTF-8"?>
<coverage generated="1595855742462" clover="3.2.0">
  <project timestamp="1595855742462" name="All files">
    <metrics statements="52" coveredstatements="52" conditionals="38" coveredconditionals="37" methods="4" coveredmethods="4" elements="94" coveredelements="93" complexity="0" loc="52" ncloc="52" packages="1" files="1" classes="1"/>
    <file name="index.ts" path="/Users/shanglei/Develop/demo/cardinal-convert/src/index.ts">
      <metrics statements="52" coveredstatements="52" conditionals="38" coveredconditionals="37" methods="4" coveredmethods="4"/>
      <line num="5" count="1" type="stmt"/>
      <line num="38" count="1" type="stmt"/>
      <line num="48" count="1" type="stmt"/>
      <line num="60" count="1" type="stmt"/>
      <line num="62" count="67" type="cond" truecount="2" falsecount="0"/>
      <line num="63" count="66" type="cond" truecount="2" falsecount="0"/>
      <line num="64" count="1" type="stmt"/>
      <line num="67" count="65" type="cond" truecount="2" falsecount="0"/>
      <line num="68" count="15" type="stmt"/>
      <line num="69" count="15" type="stmt"/>
      <line num="70" count="15" type="stmt"/>
      <line num="71" count="15" type="stmt"/>
      <line num="72" count="15" type="stmt"/>
      <line num="73" count="15" type="cond" truecount="2" falsecount="0"/>
      <line num="74" count="8" type="stmt"/>
      <line num="76" count="15" type="stmt"/>
      <line num="79" count="50" type="cond" truecount="6" falsecount="0"/>
      <line num="82" count="70" type="cond" truecount="2" falsecount="0"/>
      <line num="83" count="69" type="cond" truecount="2" falsecount="0"/>
      <line num="84" count="1" type="stmt"/>
      <line num="87" count="68" type="cond" truecount="2" falsecount="0"/>
      <line num="88" count="3" type="stmt"/>
      <line num="90" count="65" type="stmt"/>
      <line num="91" count="65" type="stmt"/>
      <line num="92" count="65" type="stmt"/>
      <line num="93" count="65" type="cond" truecount="2" falsecount="0"/>
      <line num="94" count="16" type="stmt"/>
      <line num="96" count="65" type="stmt"/>
      <line num="99" count="124" type="cond" truecount="2" falsecount="0"/>
      <line num="100" count="64" type="cond" truecount="2" falsecount="0"/>
      <line num="101" count="1" type="stmt"/>
      <line num="103" count="63" type="stmt"/>
      <line num="104" count="63" type="stmt"/>
      <line num="105" count="63" type="stmt"/>
      <line num="106" count="63" type="cond" truecount="2" falsecount="0"/>
      <line num="107" count="5" type="stmt"/>
      <line num="108" count="5" type="cond" truecount="2" falsecount="0"/>
      <line num="109" count="2" type="stmt"/>
      <line num="111" count="3" type="stmt"/>
      <line num="115" count="63" type="stmt"/>
      <line num="119" count="1" type="stmt"/>
      <line num="120" count="60" type="cond" truecount="2" falsecount="0"/>
      <line num="121" count="1" type="stmt"/>
      <line num="124" count="59" type="cond" truecount="2" falsecount="0"/>
      <line num="125" count="55" type="stmt"/>
      <line num="127" count="4" type="stmt"/>
      <line num="128" count="4" type="stmt"/>
      <line num="129" count="4" type="stmt"/>
      <line num="130" count="4" type="cond" truecount="1" falsecount="1"/>
      <line num="131" count="4" type="stmt"/>
      <line num="133" count="4" type="cond" truecount="2" falsecount="0"/>
      <line num="135" count="4" type="stmt"/>
    </file>
  </project>
</coverage>
