{"/Users/shanglei/Develop/demo/cardinal-transform/src/index.ts": {"path":"/Users/shanglei/Develop/demo/cardinal-transform/src/index.ts","statementMap":{"0":{"start":{"line":5,"column":32},"end":{"line":36,"column":2}},"1":{"start":{"line":38,"column":32},"end":{"line":46,"column":2}},"2":{"start":{"line":48,"column":36},"end":{"line":58,"column":2}},"3":{"start":{"line":60,"column":12},"end":{"line":60,"column":15}},"4":{"start":{"line":62,"column":25},"end":{"line":80,"column":1}},"5":{"start":{"line":62,"column":39},"end":{"line":62,"column":null}},"6":{"start":{"line":63,"column":2},"end":{"line":65,"column":null}},"7":{"start":{"line":64,"column":4},"end":{"line":64,"column":14}},"8":{"start":{"line":67,"column":2},"end":{"line":77,"column":null}},"9":{"start":{"line":68,"column":19},"end":{"line":68,"column":27}},"10":{"start":{"line":69,"column":22},"end":{"line":69,"column":37}},"11":{"start":{"line":70,"column":18},"end":{"line":70,"column":20}},"12":{"start":{"line":71,"column":17},"end":{"line":71,"column":37}},"13":{"start":{"line":72,"column":4},"end":{"line":72,"column":32}},"14":{"start":{"line":73,"column":4},"end":{"line":75,"column":null}},"15":{"start":{"line":74,"column":6},"end":{"line":74,"column":45}},"16":{"start":{"line":76,"column":4},"end":{"line":76,"column":19}},"17":{"start":{"line":79,"column":2},"end":{"line":79,"column":71}},"18":{"start":{"line":82,"column":30},"end":{"line":97,"column":1}},"19":{"start":{"line":82,"column":44},"end":{"line":82,"column":null}},"20":{"start":{"line":83,"column":2},"end":{"line":85,"column":null}},"21":{"start":{"line":84,"column":4},"end":{"line":84,"column":14}},"22":{"start":{"line":87,"column":2},"end":{"line":89,"column":null}},"23":{"start":{"line":88,"column":4},"end":{"line":88,"column":20}},"24":{"start":{"line":90,"column":19},"end":{"line":90,"column":40}},"25":{"start":{"line":91,"column":16},"end":{"line":91,"column":25}},"26":{"start":{"line":92,"column":16},"end":{"line":92,"column":48}},"27":{"start":{"line":93,"column":2},"end":{"line":95,"column":null}},"28":{"start":{"line":94,"column":4},"end":{"line":94,"column":43}},"29":{"start":{"line":96,"column":2},"end":{"line":96,"column":17}},"30":{"start":{"line":99,"column":29},"end":{"line":116,"column":1}},"31":{"start":{"line":99,"column":43},"end":{"line":99,"column":null}},"32":{"start":{"line":100,"column":2},"end":{"line":102,"column":null}},"33":{"start":{"line":101,"column":4},"end":{"line":101,"column":14}},"34":{"start":{"line":103,"column":18},"end":{"line":103,"column":40}},"35":{"start":{"line":104,"column":16},"end":{"line":104,"column":26}},"36":{"start":{"line":105,"column":16},"end":{"line":105,"column":53}},"37":{"start":{"line":106,"column":2},"end":{"line":114,"column":null}},"38":{"start":{"line":107,"column":27},"end":{"line":107,"column":63}},"39":{"start":{"line":108,"column":4},"end":{"line":112,"column":null}},"40":{"start":{"line":109,"column":6},"end":{"line":109,"column":36}},"41":{"start":{"line":111,"column":6},"end":{"line":111,"column":55}},"42":{"start":{"line":115,"column":2},"end":{"line":115,"column":17}},"43":{"start":{"line":119,"column":13},"end":{"line":136,"column":2}},"44":{"start":{"line":120,"column":2},"end":{"line":122,"column":null}},"45":{"start":{"line":121,"column":4},"end":{"line":121,"column":null}},"46":{"start":{"line":124,"column":2},"end":{"line":126,"column":null}},"47":{"start":{"line":125,"column":4},"end":{"line":125,"column":47}},"48":{"start":{"line":127,"column":18},"end":{"line":127,"column":43}},"49":{"start":{"line":128,"column":16},"end":{"line":128,"column":29}},"50":{"start":{"line":129,"column":16},"end":{"line":129,"column":43}},"51":{"start":{"line":130,"column":2},"end":{"line":134,"column":null}},"52":{"start":{"line":131,"column":27},"end":{"line":131,"column":62}},"53":{"start":{"line":133,"column":4},"end":{"line":133,"column":85}},"54":{"start":{"line":135,"column":2},"end":{"line":135,"column":27}}},"fnMap":{"0":{"name":"(anonymous_0)","decl":{"start":{"line":62,"column":25},"end":{"line":62,"column":26}},"loc":{"start":{"line":62,"column":54},"end":{"line":80,"column":1}}},"1":{"name":"(anonymous_1)","decl":{"start":{"line":82,"column":30},"end":{"line":82,"column":31}},"loc":{"start":{"line":82,"column":59},"end":{"line":97,"column":1}}},"2":{"name":"(anonymous_2)","decl":{"start":{"line":99,"column":29},"end":{"line":99,"column":30}},"loc":{"start":{"line":99,"column":58},"end":{"line":116,"column":1}}},"3":{"name":"(anonymous_3)","decl":{"start":{"line":119,"column":38},"end":{"line":119,"column":39}},"loc":{"start":{"line":119,"column":50},"end":{"line":136,"column":1}}}},"branchMap":{"0":{"loc":{"start":{"line":62,"column":39},"end":{"line":62,"column":null}},"type":"if","locations":[{"start":{"line":62,"column":39},"end":{"line":62,"column":null}},{"start":{"line":62,"column":39},"end":{"line":62,"column":null}}]},"1":{"loc":{"start":{"line":63,"column":2},"end":{"line":65,"column":null}},"type":"if","locations":[{"start":{"line":63,"column":2},"end":{"line":65,"column":null}},{"start":{"line":63,"column":2},"end":{"line":65,"column":null}}]},"2":{"loc":{"start":{"line":67,"column":2},"end":{"line":77,"column":null}},"type":"if","locations":[{"start":{"line":67,"column":2},"end":{"line":77,"column":null}},{"start":{"line":67,"column":2},"end":{"line":77,"column":null}}]},"3":{"loc":{"start":{"line":73,"column":4},"end":{"line":75,"column":null}},"type":"if","locations":[{"start":{"line":73,"column":4},"end":{"line":75,"column":null}},{"start":{"line":73,"column":4},"end":{"line":75,"column":null}}]},"4":{"loc":{"start":{"line":79,"column":21},"end":{"line":79,"column":65}},"type":"cond-expr","locations":[{"start":{"line":79,"column":21},"end":{"line":79,"column":65}},{"start":{"line":79,"column":68},"end":{"line":79,"column":70}}]},"5":{"loc":{"start":{"line":79,"column":45},"end":{"line":79,"column":49}},"type":"cond-expr","locations":[{"start":{"line":79,"column":45},"end":{"line":79,"column":49}},{"start":{"line":79,"column":52},"end":{"line":79,"column":64}}]},"6":{"loc":{"start":{"line":79,"column":22},"end":{"line":79,"column":31}},"type":"binary-expr","locations":[{"start":{"line":79,"column":22},"end":{"line":79,"column":31}},{"start":{"line":79,"column":35},"end":{"line":79,"column":42}}]},"7":{"loc":{"start":{"line":82,"column":44},"end":{"line":82,"column":null}},"type":"if","locations":[{"start":{"line":82,"column":44},"end":{"line":82,"column":null}},{"start":{"line":82,"column":44},"end":{"line":82,"column":null}}]},"8":{"loc":{"start":{"line":83,"column":2},"end":{"line":85,"column":null}},"type":"if","locations":[{"start":{"line":83,"column":2},"end":{"line":85,"column":null}},{"start":{"line":83,"column":2},"end":{"line":85,"column":null}}]},"9":{"loc":{"start":{"line":87,"column":2},"end":{"line":89,"column":null}},"type":"if","locations":[{"start":{"line":87,"column":2},"end":{"line":89,"column":null}},{"start":{"line":87,"column":2},"end":{"line":89,"column":null}}]},"10":{"loc":{"start":{"line":93,"column":2},"end":{"line":95,"column":null}},"type":"if","locations":[{"start":{"line":93,"column":2},"end":{"line":95,"column":null}},{"start":{"line":93,"column":2},"end":{"line":95,"column":null}}]},"11":{"loc":{"start":{"line":99,"column":43},"end":{"line":99,"column":null}},"type":"if","locations":[{"start":{"line":99,"column":43},"end":{"line":99,"column":null}},{"start":{"line":99,"column":43},"end":{"line":99,"column":null}}]},"12":{"loc":{"start":{"line":100,"column":2},"end":{"line":102,"column":null}},"type":"if","locations":[{"start":{"line":100,"column":2},"end":{"line":102,"column":null}},{"start":{"line":100,"column":2},"end":{"line":102,"column":null}}]},"13":{"loc":{"start":{"line":106,"column":2},"end":{"line":114,"column":null}},"type":"if","locations":[{"start":{"line":106,"column":2},"end":{"line":114,"column":null}},{"start":{"line":106,"column":2},"end":{"line":114,"column":null}}]},"14":{"loc":{"start":{"line":108,"column":4},"end":{"line":112,"column":null}},"type":"if","locations":[{"start":{"line":108,"column":4},"end":{"line":112,"column":null}},{"start":{"line":108,"column":4},"end":{"line":112,"column":null}}]},"15":{"loc":{"start":{"line":120,"column":2},"end":{"line":122,"column":null}},"type":"if","locations":[{"start":{"line":120,"column":2},"end":{"line":122,"column":null}},{"start":{"line":120,"column":2},"end":{"line":122,"column":null}}]},"16":{"loc":{"start":{"line":124,"column":2},"end":{"line":126,"column":null}},"type":"if","locations":[{"start":{"line":124,"column":2},"end":{"line":126,"column":null}},{"start":{"line":124,"column":2},"end":{"line":126,"column":null}}]},"17":{"loc":{"start":{"line":130,"column":2},"end":{"line":134,"column":null}},"type":"if","locations":[{"start":{"line":130,"column":2},"end":{"line":134,"column":null}},{"start":{"line":130,"column":2},"end":{"line":134,"column":null}}]},"18":{"loc":{"start":{"line":133,"column":50},"end":{"line":133,"column":58}},"type":"cond-expr","locations":[{"start":{"line":133,"column":50},"end":{"line":133,"column":58}},{"start":{"line":133,"column":61},"end":{"line":133,"column":71}}]}},"s":{"0":1,"1":1,"2":1,"3":1,"4":1,"5":65,"6":65,"7":0,"8":65,"9":15,"10":15,"11":15,"12":15,"13":15,"14":15,"15":8,"16":15,"17":50,"18":1,"19":68,"20":68,"21":0,"22":68,"23":3,"24":65,"25":65,"26":65,"27":65,"28":16,"29":65,"30":1,"31":122,"32":63,"33":0,"34":63,"35":63,"36":63,"37":63,"38":5,"39":5,"40":2,"41":3,"42":63,"43":1,"44":59,"45":0,"46":59,"47":55,"48":4,"49":4,"50":4,"51":4,"52":4,"53":4,"54":4},"f":{"0":65,"1":68,"2":63,"3":59},"b":{"0":[0,65],"1":[0,65],"2":[15,50],"3":[8,7],"4":[37,13],"5":[3,34],"6":[37,4],"7":[0,68],"8":[0,68],"9":[3,65],"10":[16,49],"11":[59,4],"12":[0,63],"13":[5,58],"14":[2,3],"15":[0,59],"16":[55,4],"17":[4,0],"18":[1,3]}}
}
