TN:
SF:/Users/shanglei/Develop/demo/cardinal-transform/src/index.ts
FN:62,(anonymous_0)
FN:82,(anonymous_1)
FN:99,(anonymous_2)
FN:119,(anonymous_3)
FNF:4
FNH:4
FNDA:65,(anonymous_0)
FNDA:68,(anonymous_1)
FNDA:63,(anonymous_2)
FNDA:59,(anonymous_3)
DA:5,1
DA:38,1
DA:48,1
DA:60,1
DA:62,65
DA:63,65
DA:64,0
DA:67,65
DA:68,15
DA:69,15
DA:70,15
DA:71,15
DA:72,15
DA:73,15
DA:74,8
DA:76,15
DA:79,50
DA:82,68
DA:83,68
DA:84,0
DA:87,68
DA:88,3
DA:90,65
DA:91,65
DA:92,65
DA:93,65
DA:94,16
DA:96,65
DA:99,122
DA:100,63
DA:101,0
DA:103,63
DA:104,63
DA:105,63
DA:106,63
DA:107,5
DA:108,5
DA:109,2
DA:111,3
DA:115,63
DA:119,1
DA:120,59
DA:121,0
DA:124,59
DA:125,55
DA:127,4
DA:128,4
DA:129,4
DA:130,4
DA:131,4
DA:133,4
DA:135,4
LF:52
LH:48
BRDA:62,0,0,0
BRDA:62,0,1,65
BRDA:63,1,0,0
BRDA:63,1,1,65
BRDA:67,2,0,15
BRDA:67,2,1,50
BRDA:73,3,0,8
BRDA:73,3,1,7
BRDA:79,4,0,37
BRDA:79,4,1,13
BRDA:79,5,0,3
BRDA:79,5,1,34
BRDA:79,6,0,37
BRDA:79,6,1,4
BRDA:82,7,0,0
BRDA:82,7,1,68
BRDA:83,8,0,0
BRDA:83,8,1,68
BRDA:87,9,0,3
BRDA:87,9,1,65
BRDA:93,10,0,16
BRDA:93,10,1,49
BRDA:99,11,0,59
BRDA:99,11,1,4
BRDA:100,12,0,0
BRDA:100,12,1,63
BRDA:106,13,0,5
BRDA:106,13,1,58
BRDA:108,14,0,2
BRDA:108,14,1,3
BRDA:120,15,0,0
BRDA:120,15,1,59
BRDA:124,16,0,55
BRDA:124,16,1,4
BRDA:130,17,0,4
BRDA:130,17,1,0
BRDA:133,18,0,1
BRDA:133,18,1,3
BRF:38
BRH:31
end_of_record
